Using pre-set license
Built from '2020.3/staging' branch; Version is '2020.3.21f1 (a38c86f6690f) revision 10718342'; Using compiler version '192528614'; Build Type 'Release'
OS: 'Windows 10 Pro; OS build 22000.318; Version 2009; 64bit' Language: 'en' Physical Memory: 6074 MB
BatchMode: 1, IsHumanControllingUs: 0, StartBugReporterOnCrash: 0, Is64bit: 1, IsPro: 0

COMMAND LINE ARGUMENTS:
C:\Program Files\Unity\Hub\Editor\2020.3.21f1\Editor\Unity.exe
-adb2
-batchMode
-noUpm
-name
AssetImportWorker2
-projectPath
D:/Project/Ujian Tengah Semester
-logFile
Logs/AssetImportWorker2.log
-srvPort
50883
Successfully changed project path to: D:/Project/Ujian Tengah Semester
D:/Project/Ujian Tengah Semester
Using Asset Import Pipeline V2.
Refreshing native plugins compatible for Editor in 41.79 ms, found 2 plugins.
Preloading 0 native plugins for Editor in 0.00 ms.
Initialize engine version: 2020.3.21f1 (a38c86f6690f)
[Subsystems] Discovering subsystems at path C:/Program Files/Unity/Hub/Editor/2020.3.21f1/Editor/Data/Resources/UnitySubsystems
[Subsystems] Discovering subsystems at path D:/Project/Ujian Tengah Semester/Assets
GfxDevice: creating device client; threaded=0
Direct3D:
    Version:  Direct3D 11.0 [level 11.1]
    Renderer: AMD Radeon(TM) Vega 8 Graphics (ID=0x15dd)
    Vendor:   
    VRAM:     3037 MB
    Driver:   27.20.1020.1
Initialize mono
Mono path[0] = 'C:/Program Files/Unity/Hub/Editor/2020.3.21f1/Editor/Data/Managed'
Mono path[1] = 'C:/Program Files/Unity/Hub/Editor/2020.3.21f1/Editor/Data/MonoBleedingEdge/lib/mono/unityjit'
Mono config path = 'C:/Program Files/Unity/Hub/Editor/2020.3.21f1/Editor/Data/MonoBleedingEdge/etc'
Using monoOptions --debugger-agent=transport=dt_socket,embedding=1,server=y,suspend=n,address=127.0.0.1:56116
Begin MonoManager ReloadAssembly
Registering precompiled unity dll's ...
Register platform support module: C:/Program Files/Unity/Hub/Editor/2020.3.21f1/Editor/Data/PlaybackEngines/WindowsStandaloneSupport/UnityEditor.WindowsStandalone.Extensions.dll
Registered in 0.001680 seconds.
Native extension for WindowsStandalone target not found
Refreshing native plugins compatible for Editor in 39.94 ms, found 2 plugins.
Preloading 0 native plugins for Editor in 0.00 ms.
Mono: successfully reloaded assembly
- Completed reload, in  9.689 seconds
Domain Reload Profiling:
	ReloadAssembly (9689ms)
		BeginReloadAssembly (65ms)
			ExecutionOrderSort (0ms)
			DisableScriptedObjects (0ms)
			BackupInstance (0ms)
			ReleaseScriptingObjects (0ms)
			CreateAndSetChildDomain (1ms)
		EndReloadAssembly (1241ms)
			LoadAssemblies (62ms)
			RebuildTransferFunctionScriptingTraits (0ms)
			SetupTypeCache (637ms)
			ReleaseScriptCaches (0ms)
			RebuildScriptCaches (38ms)
			SetupLoadedEditorAssemblies (350ms)
				LogAssemblyErrors (0ms)
				InitializePlatformSupportModulesInManaged (5ms)
				SetLoadedEditorAssemblies (0ms)
				RefreshPlugins (40ms)
				BeforeProcessingInitializeOnLoad (16ms)
				ProcessInitializeOnLoadAttributes (182ms)
				ProcessInitializeOnLoadMethodAttributes (106ms)
				AfterProcessingInitializeOnLoad (0ms)
				EditorAssembliesLoaded (0ms)
			ExecutionOrderSort2 (0ms)
			AwakeInstancesAfterBackupRestoration (0ms)
Platform modules already initialized, skipping
Registering precompiled user dll's ...
Registered in 0.003716 seconds.
Begin MonoManager ReloadAssembly
Native extension for WindowsStandalone target not found
Refreshing native plugins compatible for Editor in 0.40 ms, found 2 plugins.
Preloading 0 native plugins for Editor in 0.00 ms.
Mono: successfully reloaded assembly
- Completed reload, in  1.410 seconds
Domain Reload Profiling:
	ReloadAssembly (1411ms)
		BeginReloadAssembly (187ms)
			ExecutionOrderSort (0ms)
			DisableScriptedObjects (9ms)
			BackupInstance (0ms)
			ReleaseScriptingObjects (0ms)
			CreateAndSetChildDomain (23ms)
		EndReloadAssembly (1146ms)
			LoadAssemblies (103ms)
			RebuildTransferFunctionScriptingTraits (0ms)
			SetupTypeCache (384ms)
			ReleaseScriptCaches (0ms)
			RebuildScriptCaches (56ms)
			SetupLoadedEditorAssemblies (478ms)
				LogAssemblyErrors (0ms)
				InitializePlatformSupportModulesInManaged (6ms)
				SetLoadedEditorAssemblies (1ms)
				RefreshPlugins (0ms)
				BeforeProcessingInitializeOnLoad (108ms)
				ProcessInitializeOnLoadAttributes (343ms)
				ProcessInitializeOnLoadMethodAttributes (15ms)
				AfterProcessingInitializeOnLoad (5ms)
				EditorAssembliesLoaded (0ms)
			ExecutionOrderSort2 (0ms)
			AwakeInstancesAfterBackupRestoration (9ms)
Platform modules already initialized, skipping
========================================================================
Worker process is ready to serve import requests
Launched and connected shader compiler UnityShaderCompiler.exe after 0.29 seconds
Refreshing native plugins compatible for Editor in 0.43 ms, found 2 plugins.
Preloading 0 native plugins for Editor in 0.00 ms.
Unloading 1517 Unused Serialized files (Serialized files now loaded: 0)
System memory in use before: 67.8 MB.
System memory in use after: 67.9 MB.

Unloading 19 unused Assets to reduce memory usage. Loaded Objects now: 1949.
Total: 4.063100 ms (FindLiveObjects: 0.226800 ms CreateObjectMapping: 0.043000 ms MarkObjects: 3.708700 ms  DeleteObjects: 0.082900 ms)

AssetImportParameters requested are different than current active one (requested -> active):
  custom:framework-win-MediaFoundation: 216162199b28c13a410421893ffa2e32 -> 
  custom:video-decoder-ogg-theora: a1e56fd34408186e4bbccfd4996cb3dc -> 
  custom:container-muxer-webm: aa71ff27fc2769a1b78a27578f13a17b -> 
  custom:container-demuxer-webm: 4f35f7cbe854078d1ac9338744f61a02 -> 
  custom:container-demuxer-ogg: 62fdf1f143b41e24485cea50d1cbac27 -> 
  custom:video-encoder-webm-vp8: eb34c28f22e8b96e1ab97ce403110664 -> 
  custom:video-decoder-webm-vp8: 9c59270c3fd7afecdb556c50c9e8de78 -> 
  custom:audio-decoder-ogg-vorbis: bf7c407c2cedff20999df2af8eb42d56 -> 
  custom:audio-encoder-webm-vorbis: bf7c407c2cedff20999df2af8eb42d56 -> 
========================================================================
Received Import Request.
  path: Assets/Resources/peluruEnemy1.prefab
  artifactKey: Guid(5d25a58c0610dd54fa1044dc6dd2b497) Importer(815301076,1909f56bfc062723c751e8b465ee728b)
Start importing Assets/Resources/peluruEnemy1.prefab using Guid(5d25a58c0610dd54fa1044dc6dd2b497) Importer(815301076,1909f56bfc062723c751e8b465ee728b)  -> (artifact id: '42a772dfec59bbed9f1245e43d64b122') in 0.391300 seconds 
  Import took 0.394614 seconds .

========================================================================
Received Import Request.
  Time since last request: 3.710992 seconds.
  path: Assets/Resources/peluruEnemy1.prefab
  artifactKey: Guid(5d25a58c0610dd54fa1044dc6dd2b497) Importer(815301076,1909f56bfc062723c751e8b465ee728b)
Start importing Assets/Resources/peluruEnemy1.prefab using Guid(5d25a58c0610dd54fa1044dc6dd2b497) Importer(815301076,1909f56bfc062723c751e8b465ee728b)  -> (artifact id: '409bc4a59dc4a393a7166d6570968202') in 0.048009 seconds 
  Import took 0.070200 seconds .

========================================================================
Received Import Request.
  Time since last request: 3.931867 seconds.
  path: Assets/Resources/peluruEnemy1.prefab
  artifactKey: Guid(5d25a58c0610dd54fa1044dc6dd2b497) Importer(815301076,1909f56bfc062723c751e8b465ee728b)
Start importing Assets/Resources/peluruEnemy1.prefab using Guid(5d25a58c0610dd54fa1044dc6dd2b497) Importer(815301076,1909f56bfc062723c751e8b465ee728b)  -> (artifact id: '5e5c4c50c322632a9a0a8a1f66a0553a') in 0.019045 seconds 
  Import took 0.041711 seconds .

========================================================================
Received Import Request.
  Time since last request: 28.854723 seconds.
  path: Assets/Resources/peluruEnemy2.prefab
  artifactKey: Guid(b574eb428d8a69a4e8bde6c7f88552d7) Importer(815301076,1909f56bfc062723c751e8b465ee728b)
Start importing Assets/Resources/peluruEnemy2.prefab using Guid(b574eb428d8a69a4e8bde6c7f88552d7) Importer(815301076,1909f56bfc062723c751e8b465ee728b)  -> (artifact id: 'f86290aa2c9f21d6c551ca577b47f7ae') in 0.021020 seconds 
  Import took 0.031619 seconds .

========================================================================
Received Import Request.
  Time since last request: 2.792374 seconds.
  path: Assets/Resources/peluruEnemy2.prefab
  artifactKey: Guid(b574eb428d8a69a4e8bde6c7f88552d7) Importer(815301076,1909f56bfc062723c751e8b465ee728b)
Start importing Assets/Resources/peluruEnemy2.prefab using Guid(b574eb428d8a69a4e8bde6c7f88552d7) Importer(815301076,1909f56bfc062723c751e8b465ee728b)  -> (artifact id: '31a5e72ea2003bd7562460a7dc3a7b55') in 0.016523 seconds 
  Import took 0.024813 seconds .

========================================================================
Received Import Request.
  Time since last request: 2.824342 seconds.
  path: Assets/Resources/peluruEnemy2.prefab
  artifactKey: Guid(b574eb428d8a69a4e8bde6c7f88552d7) Importer(815301076,1909f56bfc062723c751e8b465ee728b)
Start importing Assets/Resources/peluruEnemy2.prefab using Guid(b574eb428d8a69a4e8bde6c7f88552d7) Importer(815301076,1909f56bfc062723c751e8b465ee728b)  -> (artifact id: 'd25c53dab2bd16952502a310688d07d5') in 0.014920 seconds 
  Import took 0.034257 seconds .

========================================================================
Received Import Request.
  Time since last request: 5.200879 seconds.
  path: Assets/Resources/peluruEnemy2.prefab
  artifactKey: Guid(b574eb428d8a69a4e8bde6c7f88552d7) Importer(815301076,1909f56bfc062723c751e8b465ee728b)
Start importing Assets/Resources/peluruEnemy2.prefab using Guid(b574eb428d8a69a4e8bde6c7f88552d7) Importer(815301076,1909f56bfc062723c751e8b465ee728b)  -> (artifact id: '757b3cc82159b61392955c47dd5440c5') in 0.024375 seconds 
  Import took 0.044747 seconds .

========================================================================
Received Prepare
Registering precompiled user dll's ...
Registered in 0.004065 seconds.
Begin MonoManager ReloadAssembly
Native extension for WindowsStandalone target not found
Refreshing native plugins compatible for Editor in 0.41 ms, found 2 plugins.
Preloading 0 native plugins for Editor in 0.00 ms.
Mono: successfully reloaded assembly
- Completed reload, in  1.250 seconds
Domain Reload Profiling:
	ReloadAssembly (1250ms)
		BeginReloadAssembly (139ms)
			ExecutionOrderSort (0ms)
			DisableScriptedObjects (6ms)
			BackupInstance (0ms)
			ReleaseScriptingObjects (0ms)
			CreateAndSetChildDomain (39ms)
		EndReloadAssembly (1013ms)
			LoadAssemblies (107ms)
			RebuildTransferFunctionScriptingTraits (0ms)
			SetupTypeCache (360ms)
			ReleaseScriptCaches (1ms)
			RebuildScriptCaches (47ms)
			SetupLoadedEditorAssemblies (376ms)
				LogAssemblyErrors (0ms)
				InitializePlatformSupportModulesInManaged (8ms)
				SetLoadedEditorAssemblies (1ms)
				RefreshPlugins (1ms)
				BeforeProcessingInitializeOnLoad (113ms)
				ProcessInitializeOnLoadAttributes (236ms)
				ProcessInitializeOnLoadMethodAttributes (12ms)
				AfterProcessingInitializeOnLoad (5ms)
				EditorAssembliesLoaded (0ms)
			ExecutionOrderSort2 (0ms)
			AwakeInstancesAfterBackupRestoration (10ms)
Platform modules already initialized, skipping
Refreshing native plugins compatible for Editor in 0.42 ms, found 2 plugins.
Preloading 0 native plugins for Editor in 0.00 ms.
Unloading 1511 Unused Serialized files (Serialized files now loaded: 0)
System memory in use before: 70.8 MB.
System memory in use after: 70.9 MB.

Unloading 14 unused Assets to reduce memory usage. Loaded Objects now: 1958.
Total: 4.188200 ms (FindLiveObjects: 0.205800 ms CreateObjectMapping: 0.050200 ms MarkObjects: 3.903000 ms  DeleteObjects: 0.027400 ms)

AssetImportParameters requested are different than current active one (requested -> active):
  custom:framework-win-MediaFoundation: 216162199b28c13a410421893ffa2e32 -> 
  custom:video-decoder-ogg-theora: a1e56fd34408186e4bbccfd4996cb3dc -> 
  custom:container-muxer-webm: aa71ff27fc2769a1b78a27578f13a17b -> 
  custom:container-demuxer-webm: 4f35f7cbe854078d1ac9338744f61a02 -> 
  custom:container-demuxer-ogg: 62fdf1f143b41e24485cea50d1cbac27 -> 
  custom:video-encoder-webm-vp8: eb34c28f22e8b96e1ab97ce403110664 -> 
  custom:video-decoder-webm-vp8: 9c59270c3fd7afecdb556c50c9e8de78 -> 
  custom:audio-decoder-ogg-vorbis: bf7c407c2cedff20999df2af8eb42d56 -> 
  custom:audio-encoder-webm-vorbis: bf7c407c2cedff20999df2af8eb42d56 -> 
========================================================================
Received Import Request.
  Time since last request: 171.615829 seconds.
  path: Assets/Resources/peluru.prefab
  artifactKey: Guid(78db25c88ae06f14e8854f708d7efe96) Importer(815301076,1909f56bfc062723c751e8b465ee728b)
Start importing Assets/Resources/peluru.prefab using Guid(78db25c88ae06f14e8854f708d7efe96) Importer(815301076,1909f56bfc062723c751e8b465ee728b)  -> (artifact id: '069f367c27b37cdb70874c74204caa8c') in 0.070603 seconds 
  Import took 0.073354 seconds .

========================================================================
Received Import Request.
  Time since last request: 1.503948 seconds.
  path: Assets/Resources/peluru.prefab
  artifactKey: Guid(78db25c88ae06f14e8854f708d7efe96) Importer(815301076,1909f56bfc062723c751e8b465ee728b)
Start importing Assets/Resources/peluru.prefab using Guid(78db25c88ae06f14e8854f708d7efe96) Importer(815301076,1909f56bfc062723c751e8b465ee728b)  -> (artifact id: '83e22b9066eea2b802052a0fba1c707c') in 0.016095 seconds 
  Import took 0.037347 seconds .

========================================================================
Received Import Request.
  Time since last request: 10.052736 seconds.
  path: Assets/Resources/peluru.prefab
  artifactKey: Guid(78db25c88ae06f14e8854f708d7efe96) Importer(815301076,1909f56bfc062723c751e8b465ee728b)
Start importing Assets/Resources/peluru.prefab using Guid(78db25c88ae06f14e8854f708d7efe96) Importer(815301076,1909f56bfc062723c751e8b465ee728b)  -> (artifact id: '5e0947beb607ef47300ee19a626602bf') in 0.016503 seconds 
  Import took 0.036625 seconds .

========================================================================
Received Import Request.
  Time since last request: 5.325018 seconds.
  path: Assets/Resources/peluru.prefab
  artifactKey: Guid(78db25c88ae06f14e8854f708d7efe96) Importer(815301076,1909f56bfc062723c751e8b465ee728b)
Start importing Assets/Resources/peluru.prefab using Guid(78db25c88ae06f14e8854f708d7efe96) Importer(815301076,1909f56bfc062723c751e8b465ee728b)  -> (artifact id: '87155d9bc36a3281253dfadf29632549') in 0.028317 seconds 
  Import took 0.031636 seconds .

========================================================================
Received Import Request.
  Time since last request: 7.397279 seconds.
  path: Assets/Resources/peluruEnemy1.prefab
  artifactKey: Guid(5d25a58c0610dd54fa1044dc6dd2b497) Importer(815301076,1909f56bfc062723c751e8b465ee728b)
Start importing Assets/Resources/peluruEnemy1.prefab using Guid(5d25a58c0610dd54fa1044dc6dd2b497) Importer(815301076,1909f56bfc062723c751e8b465ee728b)  -> (artifact id: 'f144f6ec7e07ee20c3e34072d6659cb1') in 0.017207 seconds 
  Import took 0.029325 seconds .

========================================================================
Received Import Request.
  Time since last request: 5.298589 seconds.
  path: Assets/Resources/peluruEnemy1.prefab
  artifactKey: Guid(5d25a58c0610dd54fa1044dc6dd2b497) Importer(815301076,1909f56bfc062723c751e8b465ee728b)
Start importing Assets/Resources/peluruEnemy1.prefab using Guid(5d25a58c0610dd54fa1044dc6dd2b497) Importer(815301076,1909f56bfc062723c751e8b465ee728b)  -> (artifact id: '2eb3197df06dd756e16ce35d6aa44173') in 0.017882 seconds 
  Import took 0.021169 seconds .

========================================================================
Received Import Request.
  Time since last request: 8.627607 seconds.
  path: Assets/Resources/peluruEnemy1.prefab
  artifactKey: Guid(5d25a58c0610dd54fa1044dc6dd2b497) Importer(815301076,1909f56bfc062723c751e8b465ee728b)
Start importing Assets/Resources/peluruEnemy1.prefab using Guid(5d25a58c0610dd54fa1044dc6dd2b497) Importer(815301076,1909f56bfc062723c751e8b465ee728b)  -> (artifact id: 'fdc20d978085b784b9018448ee4b04c9') in 0.017837 seconds 
  Import took 0.028757 seconds .

========================================================================
Received Import Request.
  Time since last request: 3.985210 seconds.
  path: Assets/Resources/peluruEnemy1.prefab
  artifactKey: Guid(5d25a58c0610dd54fa1044dc6dd2b497) Importer(815301076,1909f56bfc062723c751e8b465ee728b)
Start importing Assets/Resources/peluruEnemy1.prefab using Guid(5d25a58c0610dd54fa1044dc6dd2b497) Importer(815301076,1909f56bfc062723c751e8b465ee728b)  -> (artifact id: '4d676d19818273206a31039e0a3bad4e') in 0.015291 seconds 
  Import took 0.018802 seconds .

========================================================================
Received Import Request.
  Time since last request: 7.121268 seconds.
  path: Assets/Resources/peluruEnemy2.prefab
  artifactKey: Guid(b574eb428d8a69a4e8bde6c7f88552d7) Importer(815301076,1909f56bfc062723c751e8b465ee728b)
Start importing Assets/Resources/peluruEnemy2.prefab using Guid(b574eb428d8a69a4e8bde6c7f88552d7) Importer(815301076,1909f56bfc062723c751e8b465ee728b)  -> (artifact id: 'cb1873475029d14b7f44a5388516c4af') in 0.018164 seconds 
  Import took 0.038400 seconds .

========================================================================
Received Import Request.
  Time since last request: 4.416282 seconds.
  path: Assets/Resources/peluruEnemy2.prefab
  artifactKey: Guid(b574eb428d8a69a4e8bde6c7f88552d7) Importer(815301076,1909f56bfc062723c751e8b465ee728b)
Start importing Assets/Resources/peluruEnemy2.prefab using Guid(b574eb428d8a69a4e8bde6c7f88552d7) Importer(815301076,1909f56bfc062723c751e8b465ee728b)  -> (artifact id: '98878a5c13c7f6d4e2cadc301c194410') in 0.014885 seconds 
  Import took 0.052575 seconds .

========================================================================
Received Prepare
Registering precompiled user dll's ...
Registered in 0.003705 seconds.
Begin MonoManager ReloadAssembly
Native extension for WindowsStandalone target not found
Refreshing native plugins compatible for Editor in 0.41 ms, found 2 plugins.
Preloading 0 native plugins for Editor in 0.00 ms.
Mono: successfully reloaded assembly
- Completed reload, in  1.199 seconds
Domain Reload Profiling:
	ReloadAssembly (1199ms)
		BeginReloadAssembly (147ms)
			ExecutionOrderSort (0ms)
			DisableScriptedObjects (7ms)
			BackupInstance (0ms)
			ReleaseScriptingObjects (0ms)
			CreateAndSetChildDomain (42ms)
		EndReloadAssembly (975ms)
			LoadAssemblies (103ms)
			RebuildTransferFunctionScriptingTraits (0ms)
			SetupTypeCache (341ms)
			ReleaseScriptCaches (1ms)
			RebuildScriptCaches (50ms)
			SetupLoadedEditorAssemblies (352ms)
				LogAssemblyErrors (0ms)
				InitializePlatformSupportModulesInManaged (6ms)
				SetLoadedEditorAssemblies (1ms)
				RefreshPlugins (0ms)
				BeforeProcessingInitializeOnLoad (102ms)
				ProcessInitializeOnLoadAttributes (228ms)
				ProcessInitializeOnLoadMethodAttributes (10ms)
				AfterProcessingInitializeOnLoad (5ms)
				EditorAssembliesLoaded (0ms)
			ExecutionOrderSort2 (0ms)
			AwakeInstancesAfterBackupRestoration (11ms)
Platform modules already initialized, skipping
Refreshing native plugins compatible for Editor in 0.40 ms, found 2 plugins.
Preloading 0 native plugins for Editor in 0.00 ms.
Unloading 1511 Unused Serialized files (Serialized files now loaded: 0)
System memory in use before: 70.8 MB.
System memory in use after: 70.9 MB.

Unloading 14 unused Assets to reduce memory usage. Loaded Objects now: 1961.
Total: 4.224800 ms (FindLiveObjects: 0.197400 ms CreateObjectMapping: 0.050400 ms MarkObjects: 3.954200 ms  DeleteObjects: 0.021300 ms)

AssetImportParameters requested are different than current active one (requested -> active):
  custom:framework-win-MediaFoundation: 216162199b28c13a410421893ffa2e32 -> 
  custom:video-decoder-ogg-theora: a1e56fd34408186e4bbccfd4996cb3dc -> 
  custom:container-muxer-webm: aa71ff27fc2769a1b78a27578f13a17b -> 
  custom:container-demuxer-webm: 4f35f7cbe854078d1ac9338744f61a02 -> 
  custom:container-demuxer-ogg: 62fdf1f143b41e24485cea50d1cbac27 -> 
  custom:video-encoder-webm-vp8: eb34c28f22e8b96e1ab97ce403110664 -> 
  custom:video-decoder-webm-vp8: 9c59270c3fd7afecdb556c50c9e8de78 -> 
  custom:audio-decoder-ogg-vorbis: bf7c407c2cedff20999df2af8eb42d56 -> 
  custom:audio-encoder-webm-vorbis: bf7c407c2cedff20999df2af8eb42d56 -> 
========================================================================
Received Prepare
Registering precompiled user dll's ...
Registered in 0.059628 seconds.
Begin MonoManager ReloadAssembly
Native extension for WindowsStandalone target not found
Refreshing native plugins compatible for Editor in 0.51 ms, found 2 plugins.
Preloading 0 native plugins for Editor in 0.00 ms.
Mono: successfully reloaded assembly
- Completed reload, in  2.091 seconds
Domain Reload Profiling:
	ReloadAssembly (2095ms)
		BeginReloadAssembly (302ms)
			ExecutionOrderSort (0ms)
			DisableScriptedObjects (20ms)
			BackupInstance (0ms)
			ReleaseScriptingObjects (0ms)
			CreateAndSetChildDomain (129ms)
		EndReloadAssembly (1646ms)
			LoadAssemblies (208ms)
			RebuildTransferFunctionScriptingTraits (0ms)
			SetupTypeCache (565ms)
			ReleaseScriptCaches (1ms)
			RebuildScriptCaches (81ms)
			SetupLoadedEditorAssemblies (607ms)
				LogAssemblyErrors (0ms)
				InitializePlatformSupportModulesInManaged (16ms)
				SetLoadedEditorAssemblies (1ms)
				RefreshPlugins (1ms)
				BeforeProcessingInitializeOnLoad (145ms)
				ProcessInitializeOnLoadAttributes (418ms)
				ProcessInitializeOnLoadMethodAttributes (19ms)
				AfterProcessingInitializeOnLoad (6ms)
				EditorAssembliesLoaded (0ms)
			ExecutionOrderSort2 (0ms)
			AwakeInstancesAfterBackupRestoration (17ms)
Platform modules already initialized, skipping
Refreshing native plugins compatible for Editor in 0.43 ms, found 2 plugins.
Preloading 0 native plugins for Editor in 0.00 ms.
Unloading 1511 Unused Serialized files (Serialized files now loaded: 0)
System memory in use before: 70.8 MB.
System memory in use after: 70.9 MB.

Unloading 14 unused Assets to reduce memory usage. Loaded Objects now: 1963.
Total: 4.125600 ms (FindLiveObjects: 0.236200 ms CreateObjectMapping: 0.053000 ms MarkObjects: 3.803500 ms  DeleteObjects: 0.030800 ms)

AssetImportParameters requested are different than current active one (requested -> active):
  custom:framework-win-MediaFoundation: 216162199b28c13a410421893ffa2e32 -> 
  custom:video-decoder-ogg-theora: a1e56fd34408186e4bbccfd4996cb3dc -> 
  custom:container-muxer-webm: aa71ff27fc2769a1b78a27578f13a17b -> 
  custom:container-demuxer-webm: 4f35f7cbe854078d1ac9338744f61a02 -> 
  custom:container-demuxer-ogg: 62fdf1f143b41e24485cea50d1cbac27 -> 
  custom:video-encoder-webm-vp8: eb34c28f22e8b96e1ab97ce403110664 -> 
  custom:video-decoder-webm-vp8: 9c59270c3fd7afecdb556c50c9e8de78 -> 
  custom:audio-decoder-ogg-vorbis: bf7c407c2cedff20999df2af8eb42d56 -> 
  custom:audio-encoder-webm-vorbis: bf7c407c2cedff20999df2af8eb42d56 -> 
========================================================================
Received Prepare
Registering precompiled user dll's ...
Registered in 0.007047 seconds.
Begin MonoManager ReloadAssembly
Native extension for WindowsStandalone target not found
Refreshing native plugins compatible for Editor in 0.46 ms, found 2 plugins.
Preloading 0 native plugins for Editor in 0.00 ms.
Mono: successfully reloaded assembly
- Completed reload, in  1.919 seconds
Domain Reload Profiling:
	ReloadAssembly (1920ms)
		BeginReloadAssembly (209ms)
			ExecutionOrderSort (0ms)
			DisableScriptedObjects (10ms)
			BackupInstance (0ms)
			ReleaseScriptingObjects (0ms)
			CreateAndSetChildDomain (60ms)
		EndReloadAssembly (1579ms)
			LoadAssemblies (163ms)
			RebuildTransferFunctionScriptingTraits (0ms)
			SetupTypeCache (578ms)
			ReleaseScriptCaches (1ms)
			RebuildScriptCaches (71ms)
			SetupLoadedEditorAssemblies (547ms)
				LogAssemblyErrors (0ms)
				InitializePlatformSupportModulesInManaged (11ms)
				SetLoadedEditorAssemblies (1ms)
				RefreshPlugins (1ms)
				BeforeProcessingInitializeOnLoad (154ms)
				ProcessInitializeOnLoadAttributes (357ms)
				ProcessInitializeOnLoadMethodAttributes (14ms)
				AfterProcessingInitializeOnLoad (9ms)
				EditorAssembliesLoaded (0ms)
			ExecutionOrderSort2 (0ms)
			AwakeInstancesAfterBackupRestoration (13ms)
Platform modules already initialized, skipping
Refreshing native plugins compatible for Editor in 0.50 ms, found 2 plugins.
Preloading 0 native plugins for Editor in 0.00 ms.
Unloading 1511 Unused Serialized files (Serialized files now loaded: 0)
System memory in use before: 70.8 MB.
System memory in use after: 70.9 MB.

Unloading 14 unused Assets to reduce memory usage. Loaded Objects now: 1965.
Total: 4.640400 ms (FindLiveObjects: 0.221000 ms CreateObjectMapping: 0.051400 ms MarkObjects: 4.234800 ms  DeleteObjects: 0.130200 ms)

AssetImportParameters requested are different than current active one (requested -> active):
  custom:framework-win-MediaFoundation: 216162199b28c13a410421893ffa2e32 -> 
  custom:video-decoder-ogg-theora: a1e56fd34408186e4bbccfd4996cb3dc -> 
  custom:container-muxer-webm: aa71ff27fc2769a1b78a27578f13a17b -> 
  custom:container-demuxer-webm: 4f35f7cbe854078d1ac9338744f61a02 -> 
  custom:container-demuxer-ogg: 62fdf1f143b41e24485cea50d1cbac27 -> 
  custom:video-encoder-webm-vp8: eb34c28f22e8b96e1ab97ce403110664 -> 
  custom:video-decoder-webm-vp8: 9c59270c3fd7afecdb556c50c9e8de78 -> 
  custom:audio-decoder-ogg-vorbis: bf7c407c2cedff20999df2af8eb42d56 -> 
  custom:audio-encoder-webm-vorbis: bf7c407c2cedff20999df2af8eb42d56 -> 
========================================================================
Received Prepare
Registering precompiled user dll's ...
Registered in 0.008090 seconds.
Begin MonoManager ReloadAssembly
Native extension for WindowsStandalone target not found
Refreshing native plugins compatible for Editor in 0.49 ms, found 2 plugins.
Preloading 0 native plugins for Editor in 0.00 ms.
Mono: successfully reloaded assembly
- Completed reload, in  1.788 seconds
Domain Reload Profiling:
	ReloadAssembly (1789ms)
		BeginReloadAssembly (179ms)
			ExecutionOrderSort (0ms)
			DisableScriptedObjects (8ms)
			BackupInstance (0ms)
			ReleaseScriptingObjects (0ms)
			CreateAndSetChildDomain (65ms)
		EndReloadAssembly (1524ms)
			LoadAssemblies (133ms)
			RebuildTransferFunctionScriptingTraits (0ms)
			SetupTypeCache (481ms)
			ReleaseScriptCaches (1ms)
			RebuildScriptCaches (93ms)
			SetupLoadedEditorAssemblies (632ms)
				LogAssemblyErrors (0ms)
				InitializePlatformSupportModulesInManaged (7ms)
				SetLoadedEditorAssemblies (1ms)
				RefreshPlugins (1ms)
				BeforeProcessingInitializeOnLoad (119ms)
				ProcessInitializeOnLoadAttributes (460ms)
				ProcessInitializeOnLoadMethodAttributes (31ms)
				AfterProcessingInitializeOnLoad (13ms)
				EditorAssembliesLoaded (0ms)
			ExecutionOrderSort2 (0ms)
			AwakeInstancesAfterBackupRestoration (15ms)
Platform modules already initialized, skipping
Refreshing native plugins compatible for Editor in 0.48 ms, found 2 plugins.
Preloading 0 native plugins for Editor in 0.00 ms.
Unloading 1511 Unused Serialized files (Serialized files now loaded: 0)
System memory in use before: 70.8 MB.
System memory in use after: 70.9 MB.

Unloading 14 unused Assets to reduce memory usage. Loaded Objects now: 1967.
Total: 7.479800 ms (FindLiveObjects: 0.231500 ms CreateObjectMapping: 0.054000 ms MarkObjects: 7.145600 ms  DeleteObjects: 0.046400 ms)

AssetImportParameters requested are different than current active one (requested -> active):
  custom:framework-win-MediaFoundation: 216162199b28c13a410421893ffa2e32 -> 
  custom:video-decoder-ogg-theora: a1e56fd34408186e4bbccfd4996cb3dc -> 
  custom:container-muxer-webm: aa71ff27fc2769a1b78a27578f13a17b -> 
  custom:container-demuxer-webm: 4f35f7cbe854078d1ac9338744f61a02 -> 
  custom:container-demuxer-ogg: 62fdf1f143b41e24485cea50d1cbac27 -> 
  custom:video-encoder-webm-vp8: eb34c28f22e8b96e1ab97ce403110664 -> 
  custom:video-decoder-webm-vp8: 9c59270c3fd7afecdb556c50c9e8de78 -> 
  custom:audio-decoder-ogg-vorbis: bf7c407c2cedff20999df2af8eb42d56 -> 
  custom:audio-encoder-webm-vorbis: bf7c407c2cedff20999df2af8eb42d56 -> 
